
**** Build of configuration Debug for project asssemblyM4F ****

"C:\\ti\\ccs1031\\ccs\\utils\\bin\\gmake" -k -j 8 all -O 
 
Building file: "../main.c"
Invoking: Arm Compiler
"C:/ti/ccs1031/ccs/tools/compiler/ti-cgt-arm_20.2.4.LTS/bin/armcl" -mv4 --code_state=32 --include_path="C:/Users/14169/workspace_v10_2/asssemblyM4F" --include_path="C:/ti/ccs1031/ccs/tools/compiler/ti-cgt-arm_20.2.4.LTS/include" -g --diag_warning=225 --diag_wrap=off --display_error_number --preproc_with_compile --preproc_dependency="main.d_raw"  "../main.c"
Finished building: "../main.c"
 
Building target: "asssemblyM4F.out"
Invoking: Arm Linker
"C:/ti/ccs1031/ccs/tools/compiler/ti-cgt-arm_20.2.4.LTS/bin/armcl" -mv4 --code_state=32 -g --diag_warning=225 --diag_wrap=off --display_error_number -z -m"asssemblyM4F.map" -i"C:/ti/ccs1031/ccs/tools/compiler/ti-cgt-arm_20.2.4.LTS/lib" -i"C:/ti/ccs1031/ccs/tools/compiler/ti-cgt-arm_20.2.4.LTS/include" --reread_libs --diag_wrap=off --display_error_number --warn_sections --xml_link_info="asssemblyM4F_linkInfo.xml" --rom_model -o "asssemblyM4F.out" "./main.obj"  -llibc.a 
<Linking>
warning #10366-D: automatic library build: using library "C:\ti\ccs1031\ccs\tools\compiler\ti-cgt-arm_20.2.4.LTS\lib\rtsv4_A_be_eabi.lib" for the first time, so it must be built.  This may take a few minutes.
Creating library c:/users/14169/appdata/local/temp/ti_mkl~1/rtsv4_a_be_eabi.lib
warning #10247-D: creating output section ".text" without a SECTIONS specification
warning #10247-D: creating output section ".const" without a SECTIONS specification
warning #10247-D: creating output section ".data" without a SECTIONS specification
warning #10247-D: creating output section ".bss" without a SECTIONS specification
warning #10247-D: creating output section ".cinit" without a SECTIONS specification
warning #10247-D: creating output section ".sysmem" without a SECTIONS specification
warning #10210-D: creating ".stack" section with default size of 0x800; use the -stack option to change the default size
warning #10210-D: creating ".sysmem" section with default size of 0x800; use the -heap option to change the default size
Finished building target: "asssemblyM4F.out"
 

**** Build Finished ****
